<?xml version="1.0" encoding="UTF-8" ?>
<testsuite tests="4" failures="0" name="com.dineshvelhal.javaprojects.maths.MathTest" time="0.017" errors="0" skipped="0">
  <properties>
[...]
</properties>
  <testcase classname="com.dineshvelhal.javaprojects.maths.MathTest" name="divideTest" time="0.015"/>
  <testcase classname="com.dineshvelhal.javaprojects.maths.MathTest" name="addTest" time="0"/>
  <testcase classname="com.dineshvelhal.javaprojects.maths.MathTest" name="multiplyTest" time="0.001"/>
  <testcase classname="com.dineshvelhal.javaprojects.maths.MathTest" name="subtractTest" time="0.001"/>
</testsuite>